[08-Jan-2024 12:01:33 Europe/Paris] Test log entry from PHP script.
[08-Jan-2024 12:02:52 Europe/Paris] Test log entry from PHP script.
[08-Jan-2024 12:05:28 Europe/Paris] Tribe: 
[08-Jan-2024 12:05:28 Europe/Paris] Sector: 
[08-Jan-2024 12:10:17 Europe/Paris] Tribe: 
[08-Jan-2024 12:10:17 Europe/Paris] Sector: 
[08-Jan-2024 12:10:17 Europe/Paris] POST Data: Array
(
)

[08-Jan-2024 12:14:02 Europe/Paris] Tribe: 
[08-Jan-2024 12:14:02 Europe/Paris] Sector: 
[08-Jan-2024 12:14:02 Europe/Paris] POST Data: Array
(
)

[08-Jan-2024 12:14:46 Europe/Paris] Tribe: 
[08-Jan-2024 12:14:46 Europe/Paris] Sector: 
[08-Jan-2024 12:14:46 Europe/Paris] POST Data: Array
(
)

[12-May-2024 03:52:36 Europe/Paris] Tribe: 
[12-May-2024 03:52:36 Europe/Paris] Sector: 
[12-May-2024 03:52:36 Europe/Paris] POST Data: Array
(
)

